[32m[2015-12-29 17:36:26.480] [INFO] T+EMBEDDED - [39mlistening port=50800
[32m[2015-12-29 17:36:47.813] [INFO] T+EMBEDDED - [39mNew client connected
getTemperature
[32m[2015-12-29 17:37:20.320] [INFO] T+EMBEDDED - [39mlistening port=50800
[32m[2015-12-29 17:37:41.903] [INFO] T+EMBEDDED - [39mlistening port=50800
[32m[2015-12-29 17:37:47.825] [INFO] T+EMBEDDED - [39mNew client connected
getTemperature
[32m[2015-12-29 17:38:46.605] [INFO] T+EMBEDDED - [39mlistening port=50800
[32m[2015-12-29 17:39:05.761] [INFO] T+EMBEDDED - [39mNew client connected
[32m[2015-12-29 17:39:07.030] [INFO] T+EMBEDDED - [39mdiscovered. name:B0_T type:temperature
[32m[2015-12-29 17:39:07.040] [INFO] T+EMBEDDED - [39mdiscovered. name:B0_H type:humidity
[32m[2015-12-29 17:40:46.877] [INFO] T+EMBEDDED - [39mlistening port=50800
[32m[2015-12-29 17:41:00.504] [INFO] T+EMBEDDED - [39mNew client connected
[32m[2015-12-29 17:41:01.782] [INFO] T+EMBEDDED - [39mdiscovered. name:B0_T type:temperature
[32m[2015-12-29 17:41:01.791] [INFO] T+EMBEDDED - [39mdiscovered. name:B0_H type:humidity
[32m[2015-12-29 17:41:15.290] [INFO] T+EMBEDDED - [39mlistening port=50800
[32m[2015-12-29 17:41:31.979] [INFO] T+EMBEDDED - [39mNew client connected
[32m[2015-12-29 17:41:33.309] [INFO] T+EMBEDDED - [39mdiscovered. name:B0_T type:temperature
[32m[2015-12-29 17:41:33.318] [INFO] T+EMBEDDED - [39mdiscovered. name:B0_H type:humidity
[32m[2015-12-29 17:42:17.633] [INFO] T+EMBEDDED - [39mlistening port=50800
[32m[2015-12-29 17:42:34.401] [INFO] T+EMBEDDED - [39mNew client connected
[32m[2015-12-29 17:42:35.743] [INFO] T+EMBEDDED - [39mdiscovered. name:B0_T type:temperature
[32m[2015-12-29 17:42:35.752] [INFO] T+EMBEDDED - [39mdiscovered. name:B0_H type:humidity
[32m[2015-12-29 17:44:04.972] [INFO] T+EMBEDDED - [39mlistening port=50800
[32m[2015-12-29 17:44:20.941] [INFO] T+EMBEDDED - [39mNew client connected
[32m[2015-12-29 17:44:22.433] [INFO] T+EMBEDDED - [39mdiscovered. name:B0_T type:temperature
[32m[2015-12-29 17:44:22.443] [INFO] T+EMBEDDED - [39mdiscovered. name:B0_H type:humidity
{ name: 'B0_T',
  type: 'temperature',
  driver: 
   { i2c: { address: 64, options: [Object], _events: [Object] },
     i2cLock: false,
     mutex: { isLocked: false, _waiting: [] } },
  getValue: [Function],
  id: '0-B0_T' }
[32m[2015-12-29 17:45:05.978] [INFO] T+EMBEDDED - [39mlistening port=50800
[32m[2015-12-29 17:45:23.934] [INFO] T+EMBEDDED - [39mNew client connected
{ name: 'B0_T',
  type: 'temperature',
  driver: 
   { i2c: { address: 64, options: [Object], _events: [Object] },
     i2cLock: false,
     mutex: { isLocked: false, _waiting: [] } },
  getValue: [Function] }
{ name: 'B0_T',
  type: 'temperature',
  driver: 
   { i2c: { address: 64, options: [Object], _events: [Object] },
     i2cLock: false,
     mutex: { isLocked: false, _waiting: [] } },
  getValue: [Function] }
[32m[2015-12-29 17:46:39.773] [INFO] T+EMBEDDED - [39mlistening port=50800
[32m[2015-12-29 17:46:51.651] [INFO] T+EMBEDDED - [39mNew client connected
[32m[2015-12-29 17:46:52.849] [INFO] T+EMBEDDED - [39mdiscovered. name:B0_T type:temperature
[32m[2015-12-29 17:46:52.857] [INFO] T+EMBEDDED - [39mdiscovered. name:B0_H type:humidity
{ name: 'B0_T',
  type: 'temperature',
  driver: 
   { i2c: { address: 64, options: [Object], _events: [Object] },
     i2cLock: false,
     mutex: { isLocked: false, _waiting: [] } },
  getValue: [Function],
  id: '0-B0_T' }
{ name: 'B0_T',
  type: 'temperature',
  driver: 
   { i2c: { address: 64, options: [Object], _events: [Object] },
     i2cLock: false,
     mutex: { isLocked: false, _waiting: [] } },
  getValue: [Function],
  id: '0-B0_T' }
{ name: 'B0_T',
  type: 'temperature',
  driver: 
   { i2c: { address: 64, options: [Object], _events: [Object] },
     i2cLock: false,
     mutex: { isLocked: false, _waiting: [] } },
  getValue: [Function],
  id: '0-B0_T' }
{ name: 'B0_T',
  type: 'temperature',
  driver: 
   { i2c: { address: 64, options: [Object], _events: [Object] },
     i2cLock: false,
     mutex: { isLocked: false, _waiting: [] } },
  getValue: [Function],
  id: '0-B0_T' }
[32m[2015-12-29 17:50:01.486] [INFO] T+EMBEDDED - [39mlistening port=50800
[32m[2015-12-29 17:50:24.695] [INFO] T+EMBEDDED - [39mNew client connected
|||||||||||||||
{ i2c: 
   { address: 64,
     options: { device: '/dev/i2c-2', debug: false },
     _events: { data: [Function], error: [Function] } },
  i2cLock: false,
  mutex: { isLocked: false, _waiting: [] } }
|||||||||||||||
============
{ name: 'B0_T',
  type: 'temperature',
  driver: 
   { i2c: { address: 64, options: [Object], _events: [Object] },
     i2cLock: false,
     mutex: { isLocked: false, _waiting: [] } },
  getValue: [Function] }
============
|||||||||||||||
{ i2c: 
   { address: 64,
     options: { device: '/dev/i2c-2', debug: false },
     _events: { data: [Function], error: [Function] } },
  i2cLock: false,
  mutex: { isLocked: false, _waiting: [] } }
|||||||||||||||
|||||||||||||||
{ i2c: 
   { address: 64,
     options: { device: '/dev/i2c-2', debug: false },
     _events: { data: [Function], error: [Function] } },
  i2cLock: false,
  mutex: { isLocked: false, _waiting: [] } }
|||||||||||||||
============
{ name: 'B0_T',
  type: 'temperature',
  driver: 
   { i2c: { address: 64, options: [Object], _events: [Object] },
     i2cLock: false,
     mutex: { isLocked: false, _waiting: [] } },
  getValue: [Function] }
============
|||||||||||||||
{ i2c: 
   { address: 64,
     options: { device: '/dev/i2c-2', debug: false },
     _events: { data: [Function], error: [Function] } },
  i2cLock: false,
  mutex: { isLocked: false, _waiting: [] } }
|||||||||||||||
[32m[2015-12-29 17:52:08.614] [INFO] T+EMBEDDED - [39mlistening port=50800
[32m[2015-12-29 17:52:22.344] [INFO] T+EMBEDDED - [39mNew client connected
[32m[2015-12-29 17:52:23.729] [INFO] T+EMBEDDED - [39mdiscovered. name:B0_T type:temperature
[32m[2015-12-29 17:52:23.739] [INFO] T+EMBEDDED - [39mdiscovered. name:B0_H type:humidity
============
{ name: 'B0_T',
  type: 'temperature',
  driver: 
   { i2c: { address: 64, options: [Object], _events: [Object] },
     i2cLock: false,
     mutex: { isLocked: false, _waiting: [] } },
  getValue: [Function],
  id: '0-B0_T' }
============
[32m[2015-12-29 17:52:56.087] [INFO] T+EMBEDDED - [39mlistening port=50800
[32m[2015-12-29 17:53:25.331] [INFO] T+EMBEDDED - [39mNew client connected
============
{ name: 'B0_T',
  type: 'temperature',
  driver: 
   { i2c: { address: 64, options: [Object], _events: [Object] },
     i2cLock: false,
     mutex: { isLocked: false, _waiting: [] } },
  getValue: [Function] }
============
20.125
[32m[2015-12-29 17:53:26.654] [INFO] T+EMBEDDED - [39mB0_T value:20.125
[32m[2015-12-29 17:54:15.923] [INFO] T+EMBEDDED - [39mlistening port=50800
[32m[2015-12-29 17:54:25.307] [INFO] T+EMBEDDED - [39mNew client connected
============
{ name: 'B0_T',
  type: 'temperature',
  driver: 
   { i2c: { address: 64, options: [Object], _events: [Object] },
     i2cLock: false,
     mutex: { isLocked: false, _waiting: [] } },
  getValue: [Function] }
============
20.09375
[32m[2015-12-29 17:54:26.755] [INFO] T+EMBEDDED - [39mB0_T value:20.09375
53.125
[32m[2015-12-29 17:54:27.798] [INFO] T+EMBEDDED - [39mB0_H value:53.125
[32m[2015-12-29 17:54:43.156] [INFO] T+EMBEDDED - [39mlistening port=50800
[32m[2015-12-29 17:54:55.298] [INFO] T+EMBEDDED - [39mNew client connected
============
{ name: 'B0_T',
  type: 'temperature',
  driver: 
   { i2c: { address: 64, options: [Object], _events: [Object] },
     i2cLock: false,
     mutex: { isLocked: false, _waiting: [] } },
  getValue: [Function] }
============
20.0625
[32m[2015-12-29 17:55:23.619] [INFO] T+EMBEDDED - [39mB0_T value:20.0625
53.125
[32m[2015-12-29 17:55:24.686] [INFO] T+EMBEDDED - [39mB0_H value:53.125
============
{ name: 'B0_T',
  type: 'temperature',
  driver: 
   { i2c: { address: 64, options: [Object], _events: [Object] },
     i2cLock: false,
     mutex: { isLocked: false, _waiting: [] } },
  getValue: [Function] }
============
20.125
[32m[2015-12-29 17:56:23.345] [INFO] T+EMBEDDED - [39mB0_T value:20.125
53
[32m[2015-12-29 17:56:24.367] [INFO] T+EMBEDDED - [39mB0_H value:53
============
{ name: 'B0_T',
  type: 'temperature',
  driver: 
   { i2c: { address: 64, options: [Object], _events: [Object] },
     i2cLock: false,
     mutex: { isLocked: false, _waiting: [] } },
  getValue: [Function] }
============
20.1875
[32m[2015-12-29 17:57:23.349] [INFO] T+EMBEDDED - [39mB0_T value:20.1875
52.75
[32m[2015-12-29 17:57:24.372] [INFO] T+EMBEDDED - [39mB0_H value:52.75
============
{ name: 'B0_T',
  type: 'temperature',
  driver: 
   { i2c: { address: 64, options: [Object], _events: [Object] },
     i2cLock: false,
     mutex: { isLocked: false, _waiting: [] } },
  getValue: [Function] }
============
20.25
[32m[2015-12-29 17:58:23.352] [INFO] T+EMBEDDED - [39mB0_T value:20.25
52.6875
[32m[2015-12-29 17:58:24.379] [INFO] T+EMBEDDED - [39mB0_H value:52.6875
[32m[2015-12-29 17:59:03.388] [INFO] T+EMBEDDED - [39mlistening port=50800
[32m[2015-12-29 17:59:25.349] [INFO] T+EMBEDDED - [39mNew client connected
============
{ i2c: 
   { address: 64,
     options: { device: '/dev/i2c-2', debug: false },
     _events: { data: [Function], error: [Function] } },
  i2cLock: false,
  mutex: { isLocked: false, _waiting: [] } }
============
52.8125
[32m[2015-12-29 17:59:26.806] [INFO] T+EMBEDDED - [39mB0_H value:52.8125
[32m[2015-12-29 17:59:48.851] [INFO] T+EMBEDDED - [39mlistening port=50800
[32m[2015-12-29 18:00:02.811] [INFO] T+EMBEDDED - [39mNew client connected
[32m[2015-12-29 18:00:04.291] [INFO] T+EMBEDDED - [39mdiscovered. name:B0_T type:temperature
[32m[2015-12-29 18:00:04.300] [INFO] T+EMBEDDED - [39mdiscovered. name:B0_H type:humidity
20.1875
[32m[2015-12-29 18:00:06.961] [INFO] T+EMBEDDED - [39mB0_T value:20.1875
52.75
[32m[2015-12-29 18:00:08.052] [INFO] T+EMBEDDED - [39mB0_H value:52.75
20.15625
[32m[2015-12-29 18:01:03.786] [INFO] T+EMBEDDED - [39mB0_T value:20.15625
